-- Found ament_cmake: 2.5.4 (/opt/ros/jazzy/share/ament_cmake/cmake)
-- Found Python3: /usr/bin/python3 (found version "3.12.3") found components: Interpreter 
-- Override CMake install command with custom implementation using symlinks instead of copying resources
-- Found rosidl_default_generators: 1.6.0 (/opt/ros/jazzy/share/rosidl_default_generators/cmake)
-- Using all available rosidl_typesupport_c: rosidl_typesupport_fastrtps_c;rosidl_typesupport_introspection_c
-- Using all available rosidl_typesupport_cpp: rosidl_typesupport_fastrtps_cpp;rosidl_typesupport_introspection_cpp
-- Found rosidl_adapter: 4.6.5 (/opt/ros/jazzy/share/rosidl_adapter/cmake)
-- Found rclcpp: 28.1.10 (/opt/ros/jazzy/share/rclcpp/cmake)
-- Found rmw_implementation_cmake: 7.3.2 (/opt/ros/jazzy/share/rmw_implementation_cmake/cmake)
-- Found rmw_fastrtps_cpp: 8.4.2 (/opt/ros/jazzy/share/rmw_fastrtps_cpp/cmake)
-- Using RMW implementation 'rmw_fastrtps_cpp' as default
-- Found rclpy: 7.1.4 (/opt/ros/jazzy/share/rclpy/cmake)
-- Found cv_bridge: 4.1.0 (/opt/ros/jazzy/share/cv_bridge/cmake)
-- Found nav_msgs: 5.3.6 (/opt/ros/jazzy/share/nav_msgs/cmake)
-- Found visualization_msgs: 5.3.6 (/opt/ros/jazzy/share/visualization_msgs/cmake)
-- Found pcl_conversions: 2.6.2 (/opt/ros/jazzy/share/pcl_conversions/cmake)
[33mCMake Warning (dev) at /usr/lib/x86_64-linux-gnu/cmake/pcl/Modules/FindFLANN.cmake:45 (find_package):
  Policy CMP0144 is not set: find_package uses upper-case <PACKAGENAME>_ROOT
  variables.  Run "cmake --help-policy CMP0144" for policy details.  Use the
  cmake_policy command to set the policy and suppress this warning.

  CMake variable FLANN_ROOT is set to:

    /usr

  For compatibility, find_package is ignoring the variable, but code in a
  .cmake module might still use it.
Call Stack (most recent call first):
  /usr/lib/x86_64-linux-gnu/cmake/pcl/PCLConfig.cmake:261 (find_package)
  /usr/lib/x86_64-linux-gnu/cmake/pcl/PCLConfig.cmake:306 (find_flann)
  /usr/lib/x86_64-linux-gnu/cmake/pcl/PCLConfig.cmake:570 (find_external_library)
  /opt/ros/jazzy/share/pcl_conversions/cmake/ament_cmake_export_dependencies-extras.cmake:21 (find_package)
  /opt/ros/jazzy/share/pcl_conversions/cmake/pcl_conversionsConfig.cmake:41 (include)
  CMakeLists.txt:20 (find_package)
This warning is for project developers.  Use -Wno-dev to suppress it.
[0m
-- Found flann version 1.9.2
-- Found OpenMP: TRUE (found version "4.5") found components: CXX 
-- OpenNI found (version: 1.5.4.0, include: /usr/include/ni, lib: /usr/lib/libOpenNI.so;libusb::libusb)
-- OpenNI2 found (version: 2.2.0.33, include: /usr/include/openni2, lib: /usr/lib/x86_64-linux-gnu/libOpenNI2.so;libusb::libusb)
-- Could NOT find Pcap (missing: PCAP_LIBRARIES PCAP_INCLUDE_DIRS) 
-- OpenNI found (version: 1.5.4.0, include: /usr/include/ni, lib: /usr/lib/libOpenNI.so;libusb::libusb)
-- OpenNI2 found (version: 2.2.0.33, include: /usr/include/openni2, lib: /usr/lib/x86_64-linux-gnu/libOpenNI2.so;libusb::libusb)
-- Found Qhull version 8.0.2
-- OpenNI found (version: 1.5.4.0, include: /usr/include/ni, lib: /usr/lib/libOpenNI.so;libusb::libusb)
-- Found tf2: 0.36.12 (/opt/ros/jazzy/share/tf2/cmake)
-- Found tf2_geometry_msgs: 0.36.12 (/opt/ros/jazzy/share/tf2_geometry_msgs/cmake)
-- Found eigen3_cmake_module: 0.3.0 (/opt/ros/jazzy/share/eigen3_cmake_module/cmake)
-- Ensuring Eigen3 include directory is part of orocos-kdl CMake target
-- Found tf2_sensor_msgs: 0.36.12 (/opt/ros/jazzy/share/tf2_sensor_msgs/cmake)
-- Found tf2_eigen: 0.36.12 (/opt/ros/jazzy/share/tf2_eigen/cmake)
[33mCMake Warning (dev) at CMakeLists.txt:29 (find_package):
  Policy CMP0074 is not set: find_package uses <PackageName>_ROOT variables.
  Run "cmake --help-policy CMP0074" for policy details.  Use the cmake_policy
  command to set the policy and suppress this warning.

  CMake variable PCL_ROOT is set to:

    /usr

  For compatibility, CMake is ignoring the variable.
This warning is for project developers.  Use -Wno-dev to suppress it.
[0m
-- GTSAM include directory:  /usr/local/lib/cmake/GTSAM/../../../include
-- Found OpenMP: TRUE (found version "4.5")  
-- Found ament_cmake_ros: 0.12.0 (/opt/ros/jazzy/share/ament_cmake_ros/cmake)
-- Using all available rosidl_typesupport_c: rosidl_typesupport_fastrtps_c;rosidl_typesupport_introspection_c
-- Using all available rosidl_typesupport_cpp: rosidl_typesupport_fastrtps_cpp;rosidl_typesupport_introspection_cpp
-- Found python_cmake_module: 0.11.1 (/opt/ros/jazzy/share/python_cmake_module/cmake)
-- Found Python3: /usr/bin/python3 (found version "3.12.3") found components: Interpreter Development NumPy Development.Module Development.Embed 
-- Found ament_lint_auto: 0.17.2 (/opt/ros/jazzy/share/ament_lint_auto/cmake)
-- Added test 'copyright' to check source files copyright and LICENSE
-- Added test 'cppcheck' to perform static code analysis on C / C++ code
-- Configured cppcheck include dirs: /home/ibrahim/lio_sam_ws/src/LIO-SAM/include/lio_sam
-- Configured cppcheck exclude dirs and/or files: 
-- Added test 'cpplint' to check C / C++ code against the Google style
-- Configured cpplint exclude dirs and/or files: 
-- Added test 'flake8' to check Python code syntax and style conventions
-- Configured 'flake8' exclude dirs and/or files: 
-- Added test 'lint_cmake' to check CMake code style
-- Added test 'pep257' to check Python code against some of the docstring style conventions in PEP 257
-- Added test 'uncrustify' to check C / C++ code style
-- Configured uncrustify additional arguments: 
-- Added test 'xmllint' to check XML markup files
-- Configuring done (6.7s)
-- Generating done (0.2s)
-- Build files have been written to: /home/ibrahim/lio_sam_ws/src/build/lio_sam
[  1%] Built target lio_sam__rosidl_generator_type_description
[  1%] Built target ament_cmake_python_symlink_lio_sam
[  3%] Built target lio_sam__cpp
[ 19%] Built target lio_sam__rosidl_generator_c
[ 26%] Built target lio_sam__rosidl_typesupport_fastrtps_c
[ 34%] Built target lio_sam__rosidl_typesupport_cpp
[ 42%] Built target lio_sam__rosidl_typesupport_c
[ 50%] Built target lio_sam__rosidl_typesupport_introspection_c
[ 57%] Built target lio_sam__rosidl_typesupport_fastrtps_cpp
[ 65%] Built target lio_sam__rosidl_typesupport_introspection_cpp
[ 67%] [32mBuilding CXX object CMakeFiles/lio_sam_featureExtraction.dir/src/featureExtraction.cpp.o[0m
[ 69%] [32mBuilding CXX object CMakeFiles/lio_sam_imageProjection.dir/src/imageProjection.cpp.o[0m
running egg_info
writing lio_sam.egg-info/PKG-INFO
writing dependency_links to lio_sam.egg-info/dependency_links.txt
writing top-level names to lio_sam.egg-info/top_level.txt
reading manifest file 'lio_sam.egg-info/SOURCES.txt'
writing manifest file 'lio_sam.egg-info/SOURCES.txt'
[ 69%] Built target ament_cmake_python_build_lio_sam_egg
[ 71%] [32mBuilding CXX object CMakeFiles/lio_sam_imuPreintegration.dir/src/imuPreintegration.cpp.o[0m
In file included from [01m[K/home/ibrahim/lio_sam_ws/src/LIO-SAM/src/imuPreintegration.cpp:17[m[K:
[01m[K/usr/local/include/gtsam_unstable/nonlinear/IncrementalFixedLagSmoother.h:17:2:[m[K [01;35m[Kwarning: [m[K#warning "IncrementalFixedLagSmoother was moved to the gtsam/nonlinear directory" [[01;35m[K]8;;https://gcc.gnu.org/onlinedocs/gcc/Warning-Options.html#index-Wcpp-Wcpp]8;;[m[K]
   17 | #[01;35m[Kwarning[m[K "IncrementalFixedLagSmoother was moved to the gtsam/nonlinear directory"
      |  [01;35m[K^~~~~~~[m[K
[01m[K/home/ibrahim/lio_sam_ws/src/LIO-SAM/src/imuPreintegration.cpp:[m[K In constructor â€˜[01m[KIMUPreintegration::[01;32m[KIMUPreintegration[m[K(const rclcpp::NodeOptions&)[m[Kâ€™:
[01m[K/home/ibrahim/lio_sam_ws/src/LIO-SAM/src/imuPreintegration.cpp:248:100:[m[K [01;31m[Kerror: [m[Kconversion from â€˜[01m[Kstd::shared_ptr<gtsam::PreintegrationParams>[m[Kâ€™ to non-scalar type â€˜[01m[Kboost::shared_ptr<gtsam::PreintegrationParams>[m[Kâ€™ requested
  248 |         boost::shared_ptr<gtsam::PreintegrationParams> p = [01;31m[Kgtsam::PreintegrationParams::MakeSharedU(imuGravity)[m[K;
      |                                                            [01;31m[K~~~~~~~~~~~~~~~~~~~~~~~~~~~~~~~~~~~~~~~~^~~~~~~~~~~~[m[K
[01m[K/home/ibrahim/lio_sam_ws/src/LIO-SAM/src/imuPreintegration.cpp:261:86:[m[K [01;31m[Kerror: [m[Kno matching function for call to â€˜[01m[Kgtsam::PreintegratedImuMeasurementsT<gtsam::TangentPreintegration>::PreintegratedImuMeasurementsT(boost::shared_ptr<gtsam::PreintegrationParams>&, gtsam::imuBias::ConstantBias&)[m[Kâ€™
  261 |         imuIntegratorImu_ = new gtsam::PreintegratedImuMeasurements(p, prior_imu_bias[01;31m[K)[m[K; // setting up the IMU integration for IMU message thread
      |                                                                                      [01;31m[K^[m[K
In file included from [01m[K/home/ibrahim/lio_sam_ws/src/LIO-SAM/src/imuPreintegration.cpp:8[m[K:
[01m[K/usr/local/include/gtsam/navigation/ImuFactor.h:105:3:[m[K [01;36m[Knote: [m[Kcandidate: â€˜[01m[Kgtsam::PreintegratedImuMeasurementsT<PreintegrationType>::[01;32m[KPreintegratedImuMeasurementsT[m[K(const PreintegrationType&, const gtsam::Matrix9&) [35m[K[with PreintegrationType = gtsam::TangentPreintegration; gtsam::Matrix9 = Eigen::Matrix<double, 9, 9, 0, 9, 9>][m[K[m[Kâ€™
  105 |   [01;36m[KPreintegratedImuMeasurementsT[m[K(const PreintegrationType& base, const Matrix9& preintMeasCov)
      |   [01;36m[K^~~~~~~~~~~~~~~~~~~~~~~~~~~~~[m[K
[01m[K/usr/local/include/gtsam/navigation/ImuFactor.h:105:59:[m[K [01;36m[Knote: [m[K  no known conversion for argument 1 from â€˜[01m[Kboost::shared_ptr<gtsam::PreintegrationParams>[m[Kâ€™ to â€˜[01m[Kconst gtsam::TangentPreintegration&[m[Kâ€™
  105 |   PreintegratedImuMeasurementsT([01;36m[Kconst PreintegrationType& base[m[K, const Matrix9& preintMeasCov)
      |                                 [01;36m[K~~~~~~~~~~~~~~~~~~~~~~~~~~^~~~[m[K
[01m[K/usr/local/include/gtsam/navigation/ImuFactor.h:94:3:[m[K [01;36m[Knote: [m[Kcandidate: â€˜[01m[Kgtsam::PreintegratedImuMeasurementsT<PreintegrationType>::[01;32m[KPreintegratedImuMeasurementsT[m[K(const std::shared_ptr<gtsam::PreintegrationParams>&, const gtsam::imuBias::ConstantBias&) [35m[K[with PreintegrationType = gtsam::TangentPreintegration][m[K[m[Kâ€™
   94 |   [01;36m[KPreintegratedImuMeasurementsT[m[K(const std::shared_ptr<PreintegrationParams>& p,
      |   [01;36m[K^~~~~~~~~~~~~~~~~~~~~~~~~~~~~[m[K
[01m[K/usr/local/include/gtsam/navigation/ImuFactor.h:94:78:[m[K [01;36m[Knote: [m[K  no known conversion for argument 1 from â€˜[01m[Kboost::shared_ptr<gtsam::PreintegrationParams>[m[Kâ€™ to â€˜[01m[Kconst std::shared_ptr<gtsam::PreintegrationParams>&[m[Kâ€™
   94 |   PreintegratedImuMeasurementsT([01;36m[Kconst std::shared_ptr<PreintegrationParams>& p[m[K,
      |                                 [01;36m[K~~~~~~~~~~~~~~~~~~~~~~~~~~~~~~~~~~~~~~~~~~~~~^[m[K
[01m[K/usr/local/include/gtsam/navigation/ImuFactor.h:85:3:[m[K [01;36m[Knote: [m[Kcandidate: â€˜[01m[Kgtsam::PreintegratedImuMeasurementsT<PreintegrationType>::[01;32m[KPreintegratedImuMeasurementsT[m[K() [35m[K[with PreintegrationType = gtsam::TangentPreintegration][m[K[m[Kâ€™
   85 |   [01;36m[KPreintegratedImuMeasurementsT[m[K() {
      |   [01;36m[K^~~~~~~~~~~~~~~~~~~~~~~~~~~~~[m[K
[01m[K/usr/local/include/gtsam/navigation/ImuFactor.h:85:3:[m[K [01;36m[Knote: [m[K  candidate expects 0 arguments, 2 provided
[01m[K/usr/local/include/gtsam/navigation/ImuFactor.h:72:20:[m[K [01;36m[Knote: [m[Kcandidate: â€˜[01m[Kgtsam::PreintegratedImuMeasurementsT<gtsam::TangentPreintegration>::[01;32m[KPreintegratedImuMeasurementsT[m[K(const gtsam::PreintegratedImuMeasurementsT<gtsam::TangentPreintegration>&)[m[Kâ€™
   72 | class GTSAM_EXPORT [01;36m[KPreintegratedImuMeasurementsT[m[K: public PreintegrationType {
      |                    [01;36m[K^~~~~~~~~~~~~~~~~~~~~~~~~~~~~[m[K
[01m[K/usr/local/include/gtsam/navigation/ImuFactor.h:72:20:[m[K [01;36m[Knote: [m[K  candidate expects 1 argument, 2 provided
[01m[K/home/ibrahim/lio_sam_ws/src/LIO-SAM/src/imuPreintegration.cpp:262:86:[m[K [01;31m[Kerror: [m[Kno matching function for call to â€˜[01m[Kgtsam::PreintegratedImuMeasurementsT<gtsam::TangentPreintegration>::PreintegratedImuMeasurementsT(boost::shared_ptr<gtsam::PreintegrationParams>&, gtsam::imuBias::ConstantBias&)[m[Kâ€™
  262 |         imuIntegratorOpt_ = new gtsam::PreintegratedImuMeasurements(p, prior_imu_bias[01;31m[K)[m[K; // setting up the IMU integration for optimization
      |                                                                                      [01;31m[K^[m[K
[01m[K/usr/local/include/gtsam/navigation/ImuFactor.h:105:3:[m[K [01;36m[Knote: [m[Kcandidate: â€˜[01m[Kgtsam::PreintegratedImuMeasurementsT<PreintegrationType>::[01;32m[KPreintegratedImuMeasurementsT[m[K(const PreintegrationType&, const gtsam::Matrix9&) [35m[K[with PreintegrationType = gtsam::TangentPreintegration; gtsam::Matrix9 = Eigen::Matrix<double, 9, 9, 0, 9, 9>][m[K[m[Kâ€™
  105 |   [01;36m[KPreintegratedImuMeasurementsT[m[K(const PreintegrationType& base, const Matrix9& preintMeasCov)
      |   [01;36m[K^~~~~~~~~~~~~~~~~~~~~~~~~~~~~[m[K
[01m[K/usr/local/include/gtsam/navigation/ImuFactor.h:105:59:[m[K [01;36m[Knote: [m[K  no known conversion for argument 1 from â€˜[01m[Kboost::shared_ptr<gtsam::PreintegrationParams>[m[Kâ€™ to â€˜[01m[Kconst gtsam::TangentPreintegration&[m[Kâ€™
  105 |   PreintegratedImuMeasurementsT([01;36m[Kconst PreintegrationType& base[m[K, const Matrix9& preintMeasCov)
      |                                 [01;36m[K~~~~~~~~~~~~~~~~~~~~~~~~~~^~~~[m[K
[01m[K/usr/local/include/gtsam/navigation/ImuFactor.h:94:3:[m[K [01;36m[Knote: [m[Kcandidate: â€˜[01m[Kgtsam::PreintegratedImuMeasurementsT<PreintegrationType>::[01;32m[KPreintegratedImuMeasurementsT[m[K(const std::shared_ptr<gtsam::PreintegrationParams>&, const gtsam::imuBias::ConstantBias&) [35m[K[with PreintegrationType = gtsam::TangentPreintegration][m[K[m[Kâ€™
   94 |   [01;36m[KPreintegratedImuMeasurementsT[m[K(const std::shared_ptr<PreintegrationParams>& p,
      |   [01;36m[K^~~~~~~~~~~~~~~~~~~~~~~~~~~~~[m[K
[01m[K/usr/local/include/gtsam/navigation/ImuFactor.h:94:78:[m[K [01;36m[Knote: [m[K  no known conversion for argument 1 from â€˜[01m[Kboost::shared_ptr<gtsam::PreintegrationParams>[m[Kâ€™ to â€˜[01m[Kconst std::shared_ptr<gtsam::PreintegrationParams>&[m[Kâ€™
   94 |   PreintegratedImuMeasurementsT([01;36m[Kconst std::shared_ptr<PreintegrationParams>& p[m[K,
      |                                 [01;36m[K~~~~~~~~~~~~~~~~~~~~~~~~~~~~~~~~~~~~~~~~~~~~~^[m[K
[01m[K/usr/local/include/gtsam/navigation/ImuFactor.h:85:3:[m[K [01;36m[Knote: [m[Kcandidate: â€˜[01m[Kgtsam::PreintegratedImuMeasurementsT<PreintegrationType>::[01;32m[KPreintegratedImuMeasurementsT[m[K() [35m[K[with PreintegrationType = gtsam::TangentPreintegration][m[K[m[Kâ€™
   85 |   [01;36m[KPreintegratedImuMeasurementsT[m[K() {
      |   [01;36m[K^~~~~~~~~~~~~~~~~~~~~~~~~~~~~[m[K
[01m[K/usr/local/include/gtsam/navigation/ImuFactor.h:85:3:[m[K [01;36m[Knote: [m[K  candidate expects 0 arguments, 2 provided
[01m[K/usr/local/include/gtsam/navigation/ImuFactor.h:72:20:[m[K [01;36m[Knote: [m[Kcandidate: â€˜[01m[Kgtsam::PreintegratedImuMeasurementsT<gtsam::TangentPreintegration>::[01;32m[KPreintegratedImuMeasurementsT[m[K(const gtsam::PreintegratedImuMeasurementsT<gtsam::TangentPreintegration>&)[m[Kâ€™
   72 | class GTSAM_EXPORT [01;36m[KPreintegratedImuMeasurementsT[m[K: public PreintegrationType {
      |                    [01;36m[K^~~~~~~~~~~~~~~~~~~~~~~~~~~~~[m[K
[01m[K/usr/local/include/gtsam/navigation/ImuFactor.h:72:20:[m[K [01;36m[Knote: [m[K  candidate expects 1 argument, 2 provided
gmake[2]: *** [CMakeFiles/lio_sam_imuPreintegration.dir/build.make:76: CMakeFiles/lio_sam_imuPreintegration.dir/src/imuPreintegration.cpp.o] Error 1
gmake[1]: *** [CMakeFiles/Makefile2:687: CMakeFiles/lio_sam_imuPreintegration.dir/all] Error 2
gmake[1]: *** Waiting for unfinished jobs....
[ 73%] [32m[1mLinking CXX executable lio_sam_featureExtraction[0m
[ 75%] [32m[1mLinking CXX executable lio_sam_imageProjection[0m
[ 75%] Built target lio_sam_featureExtraction
[ 75%] Built target lio_sam_imageProjection
gmake: *** [Makefile:146: all] Error 2
